2024-02-22T18:42:30.843+01:00  INFO 7880 --- [restartedMain] c.i.u.UploadExampleApplication           : Starting UploadExampleApplication using Java 17.0.9 with PID 7880 (C:\Users\dijan\git\backspring\upload-example\target\classes started by Dijana in C:\Users\dijan\git\backspring\upload-example)
2024-02-22T18:42:30.864+01:00  INFO 7880 --- [restartedMain] c.i.u.UploadExampleApplication           : No active profile set, falling back to 1 default profile: "default"
2024-02-22T18:42:30.946+01:00  INFO 7880 --- [restartedMain] .e.DevToolsPropertyDefaultsPostProcessor : Devtools property defaults active! Set 'spring.devtools.add-properties' to 'false' to disable
2024-02-22T18:42:30.947+01:00  INFO 7880 --- [restartedMain] .e.DevToolsPropertyDefaultsPostProcessor : For additional web related logging consider setting the 'logging.level.web' property to 'DEBUG'
2024-02-22T18:42:32.117+01:00  INFO 7880 --- [restartedMain] .s.d.r.c.RepositoryConfigurationDelegate : Bootstrapping Spring Data JPA repositories in DEFAULT mode.
2024-02-22T18:42:32.215+01:00  INFO 7880 --- [restartedMain] .s.d.r.c.RepositoryConfigurationDelegate : Finished Spring Data repository scanning in 77 ms. Found 1 JPA repository interface.
2024-02-22T18:42:33.166+01:00  INFO 7880 --- [restartedMain] o.s.b.w.e.t.TomcatWebServer              : Tomcat initialized with port 8080 (http)
2024-02-22T18:42:33.204+01:00  INFO 7880 --- [restartedMain] o.a.c.c.StandardService                  : Starting service [Tomcat]
2024-02-22T18:42:33.205+01:00  INFO 7880 --- [restartedMain] o.a.c.c.StandardEngine                   : Starting Servlet engine: [Apache Tomcat/10.1.18]
2024-02-22T18:42:33.309+01:00  INFO 7880 --- [restartedMain] o.a.c.c.C.[.[.[/]                        : Initializing Spring embedded WebApplicationContext
2024-02-22T18:42:33.311+01:00  INFO 7880 --- [restartedMain] w.s.c.ServletWebServerApplicationContext : Root WebApplicationContext: initialization completed in 2362 ms
2024-02-22T18:42:34.250+01:00  INFO 7880 --- [restartedMain] o.s.o.j.p.SpringPersistenceUnitInfo      : No LoadTimeWeaver setup: ignoring JPA class transformer
2024-02-22T18:42:34.320+01:00  INFO 7880 --- [restartedMain] c.z.h.HikariDataSource                   : HikariPool-1 - Starting...
2024-02-22T18:42:34.844+01:00  INFO 7880 --- [restartedMain] c.z.h.p.HikariPool                       : HikariPool-1 - Added connection com.mysql.cj.jdbc.ConnectionImpl@79a2c4a2
2024-02-22T18:42:34.848+01:00  INFO 7880 --- [restartedMain] c.z.h.HikariDataSource                   : HikariPool-1 - Start completed.
2024-02-22T18:42:36.600+01:00  INFO 7880 --- [restartedMain] j.LocalContainerEntityManagerFactoryBean : Initialized JPA EntityManagerFactory for persistence unit 'default'
2024-02-22T18:42:37.183+01:00  WARN 7880 --- [restartedMain] JpaBaseConfiguration$JpaWebConfiguration : spring.jpa.open-in-view is enabled by default. Therefore, database queries may be performed during view rendering. Explicitly configure spring.jpa.open-in-view to disable this warning
2024-02-22T18:42:37.803+01:00  INFO 7880 --- [restartedMain] o.s.b.d.a.OptionalLiveReloadServer       : LiveReload server is running on port 35729
2024-02-22T18:42:37.873+01:00  INFO 7880 --- [restartedMain] o.s.b.w.e.t.TomcatWebServer              : Tomcat started on port 8080 (http) with context path ''
2024-02-22T18:42:37.905+01:00  INFO 7880 --- [restartedMain] c.i.u.UploadExampleApplication           : Started UploadExampleApplication in 7.908 seconds (process running for 9.61)
2024-02-22T18:44:25.937+01:00  INFO 7880 --- [RMI TCP Connection(5)-127.0.0.1] inMXBeanRegistrar$SpringApplicationAdmin : Application shutdown requested.
2024-02-22T18:44:25.964+01:00  INFO 7880 --- [RMI TCP Connection(5)-127.0.0.1] j.LocalContainerEntityManagerFactoryBean : Closing JPA EntityManagerFactory for persistence unit 'default'
2024-02-22T18:44:25.969+01:00  INFO 7880 --- [RMI TCP Connection(5)-127.0.0.1] c.z.h.HikariDataSource                   : HikariPool-1 - Shutdown initiated...
2024-02-22T18:44:25.994+01:00  INFO 7880 --- [RMI TCP Connection(5)-127.0.0.1] c.z.h.HikariDataSource                   : HikariPool-1 - Shutdown completed.
2024-02-22T18:44:29.829+01:00  INFO 12012 --- [restartedMain] c.i.u.UploadExampleApplication           : Starting UploadExampleApplication using Java 17.0.9 with PID 12012 (C:\Users\dijan\git\backspring\upload-example\target\classes started by Dijana in C:\Users\dijan\git\backspring\upload-example)
2024-02-22T18:44:29.854+01:00  INFO 12012 --- [restartedMain] c.i.u.UploadExampleApplication           : No active profile set, falling back to 1 default profile: "default"
2024-02-22T18:44:29.932+01:00  INFO 12012 --- [restartedMain] .e.DevToolsPropertyDefaultsPostProcessor : Devtools property defaults active! Set 'spring.devtools.add-properties' to 'false' to disable
2024-02-22T18:44:29.932+01:00  INFO 12012 --- [restartedMain] .e.DevToolsPropertyDefaultsPostProcessor : For additional web related logging consider setting the 'logging.level.web' property to 'DEBUG'
2024-02-22T18:44:31.082+01:00  INFO 12012 --- [restartedMain] .s.d.r.c.RepositoryConfigurationDelegate : Bootstrapping Spring Data JPA repositories in DEFAULT mode.
2024-02-22T18:44:31.177+01:00  INFO 12012 --- [restartedMain] .s.d.r.c.RepositoryConfigurationDelegate : Finished Spring Data repository scanning in 79 ms. Found 1 JPA repository interface.
2024-02-22T18:44:32.153+01:00  INFO 12012 --- [restartedMain] o.s.b.w.e.t.TomcatWebServer              : Tomcat initialized with port 8080 (http)
2024-02-22T18:44:32.181+01:00  INFO 12012 --- [restartedMain] o.a.c.c.StandardService                  : Starting service [Tomcat]
2024-02-22T18:44:32.181+01:00  INFO 12012 --- [restartedMain] o.a.c.c.StandardEngine                   : Starting Servlet engine: [Apache Tomcat/10.1.18]
2024-02-22T18:44:32.294+01:00  INFO 12012 --- [restartedMain] o.a.c.c.C.[.[.[/]                        : Initializing Spring embedded WebApplicationContext
2024-02-22T18:44:32.295+01:00  INFO 12012 --- [restartedMain] w.s.c.ServletWebServerApplicationContext : Root WebApplicationContext: initialization completed in 2361 ms
2024-02-22T18:44:33.215+01:00  INFO 12012 --- [restartedMain] o.s.o.j.p.SpringPersistenceUnitInfo      : No LoadTimeWeaver setup: ignoring JPA class transformer
2024-02-22T18:44:33.270+01:00  INFO 12012 --- [restartedMain] c.z.h.HikariDataSource                   : HikariPool-1 - Starting...
2024-02-22T18:44:33.794+01:00  INFO 12012 --- [restartedMain] c.z.h.p.HikariPool                       : HikariPool-1 - Added connection com.mysql.cj.jdbc.ConnectionImpl@55628d15
2024-02-22T18:44:33.797+01:00  INFO 12012 --- [restartedMain] c.z.h.HikariDataSource                   : HikariPool-1 - Start completed.
2024-02-22T18:44:35.626+01:00  INFO 12012 --- [restartedMain] j.LocalContainerEntityManagerFactoryBean : Initialized JPA EntityManagerFactory for persistence unit 'default'
2024-02-22T18:44:36.179+01:00  WARN 12012 --- [restartedMain] JpaBaseConfiguration$JpaWebConfiguration : spring.jpa.open-in-view is enabled by default. Therefore, database queries may be performed during view rendering. Explicitly configure spring.jpa.open-in-view to disable this warning
2024-02-22T18:44:36.784+01:00  INFO 12012 --- [restartedMain] o.s.b.d.a.OptionalLiveReloadServer       : LiveReload server is running on port 35729
2024-02-22T18:44:36.851+01:00  INFO 12012 --- [restartedMain] o.s.b.w.e.t.TomcatWebServer              : Tomcat started on port 8080 (http) with context path ''
2024-02-22T18:44:36.876+01:00  INFO 12012 --- [restartedMain] c.i.u.UploadExampleApplication           : Started UploadExampleApplication in 7.825 seconds (process running for 9.452)
2024-02-22T18:45:05.135+01:00  INFO 12012 --- [http-nio-8080-exec-1] o.a.c.c.C.[.[.[/]                        : Initializing Spring DispatcherServlet 'dispatcherServlet'
2024-02-22T18:45:05.135+01:00  INFO 12012 --- [http-nio-8080-exec-1] o.s.w.s.DispatcherServlet                : Initializing Servlet 'dispatcherServlet'
2024-02-22T18:45:05.137+01:00  INFO 12012 --- [http-nio-8080-exec-1] o.s.w.s.DispatcherServlet                : Completed initialization in 1 ms
2024-02-22T18:45:15.097+01:00  INFO 12012 --- [http-nio-8080-exec-3] c.i.u.c.UploadController                 : This is an info message
2024-02-22T18:45:15.099+01:00  WARN 12012 --- [http-nio-8080-exec-3] c.i.u.c.UploadController                 : This is a warn message
2024-02-22T18:45:15.099+01:00 ERROR 12012 --- [http-nio-8080-exec-3] c.i.u.c.UploadController                 : This is an error message
2024-02-22T18:53:13.183+01:00  INFO 12012 --- [RMI TCP Connection(12)-127.0.0.1] inMXBeanRegistrar$SpringApplicationAdmin : Application shutdown requested.
2024-02-22T18:53:13.215+01:00  INFO 12012 --- [RMI TCP Connection(12)-127.0.0.1] j.LocalContainerEntityManagerFactoryBean : Closing JPA EntityManagerFactory for persistence unit 'default'
2024-02-22T18:53:13.222+01:00  INFO 12012 --- [RMI TCP Connection(12)-127.0.0.1] c.z.h.HikariDataSource                   : HikariPool-1 - Shutdown initiated...
2024-02-22T18:53:13.236+01:00  INFO 12012 --- [RMI TCP Connection(12)-127.0.0.1] c.z.h.HikariDataSource                   : HikariPool-1 - Shutdown completed.
2024-02-23T09:28:13.023+01:00  INFO 9372 --- [restartedMain] c.i.u.UploadExampleApplication           : Starting UploadExampleApplication using Java 17.0.9 with PID 9372 (C:\Users\dijan\git\backspring\upload-example\target\classes started by Dijana in C:\Users\dijan\git\backspring\upload-example)
2024-02-23T09:28:13.049+01:00  INFO 9372 --- [restartedMain] c.i.u.UploadExampleApplication           : No active profile set, falling back to 1 default profile: "default"
2024-02-23T09:28:13.114+01:00  INFO 9372 --- [restartedMain] .e.DevToolsPropertyDefaultsPostProcessor : Devtools property defaults active! Set 'spring.devtools.add-properties' to 'false' to disable
2024-02-23T09:28:13.114+01:00  INFO 9372 --- [restartedMain] .e.DevToolsPropertyDefaultsPostProcessor : For additional web related logging consider setting the 'logging.level.web' property to 'DEBUG'
2024-02-23T09:28:13.936+01:00  INFO 9372 --- [restartedMain] .s.d.r.c.RepositoryConfigurationDelegate : Bootstrapping Spring Data JPA repositories in DEFAULT mode.
2024-02-23T09:28:14.010+01:00  INFO 9372 --- [restartedMain] .s.d.r.c.RepositoryConfigurationDelegate : Finished Spring Data repository scanning in 63 ms. Found 1 JPA repository interface.
2024-02-23T09:28:14.689+01:00  INFO 9372 --- [restartedMain] o.s.b.w.e.t.TomcatWebServer              : Tomcat initialized with port 8080 (http)
2024-02-23T09:28:14.706+01:00  INFO 9372 --- [restartedMain] o.a.c.c.StandardService                  : Starting service [Tomcat]
2024-02-23T09:28:14.706+01:00  INFO 9372 --- [restartedMain] o.a.c.c.StandardEngine                   : Starting Servlet engine: [Apache Tomcat/10.1.18]
2024-02-23T09:28:14.783+01:00  INFO 9372 --- [restartedMain] o.a.c.c.C.[.[.[/]                        : Initializing Spring embedded WebApplicationContext
2024-02-23T09:28:14.784+01:00  INFO 9372 --- [restartedMain] w.s.c.ServletWebServerApplicationContext : Root WebApplicationContext: initialization completed in 1669 ms
2024-02-23T09:28:15.457+01:00  INFO 9372 --- [restartedMain] o.s.o.j.p.SpringPersistenceUnitInfo      : No LoadTimeWeaver setup: ignoring JPA class transformer
2024-02-23T09:28:15.496+01:00  INFO 9372 --- [restartedMain] c.z.h.HikariDataSource                   : HikariPool-1 - Starting...
2024-02-23T09:28:15.874+01:00  INFO 9372 --- [restartedMain] c.z.h.p.HikariPool                       : HikariPool-1 - Added connection com.mysql.cj.jdbc.ConnectionImpl@2d60dca1
2024-02-23T09:28:15.876+01:00  INFO 9372 --- [restartedMain] c.z.h.HikariDataSource                   : HikariPool-1 - Start completed.
2024-02-23T09:28:17.107+01:00  INFO 9372 --- [restartedMain] j.LocalContainerEntityManagerFactoryBean : Initialized JPA EntityManagerFactory for persistence unit 'default'
2024-02-23T09:28:17.549+01:00  WARN 9372 --- [restartedMain] JpaBaseConfiguration$JpaWebConfiguration : spring.jpa.open-in-view is enabled by default. Therefore, database queries may be performed during view rendering. Explicitly configure spring.jpa.open-in-view to disable this warning
2024-02-23T09:28:18.000+01:00  INFO 9372 --- [restartedMain] o.s.b.d.a.OptionalLiveReloadServer       : LiveReload server is running on port 35729
2024-02-23T09:28:18.062+01:00  INFO 9372 --- [restartedMain] o.s.b.w.e.t.TomcatWebServer              : Tomcat started on port 8080 (http) with context path ''
2024-02-23T09:28:18.076+01:00  INFO 9372 --- [restartedMain] c.i.u.UploadExampleApplication           : Started UploadExampleApplication in 5.661 seconds (process running for 6.99)
2024-02-23T09:33:03.556+01:00  INFO 9372 --- [File Watcher] rtingClassPathChangeChangedEventListener : Restarting due to 1 class path change (0 additions, 0 deletions, 1 modification)
2024-02-23T09:33:03.585+01:00  INFO 9372 --- [Thread-5] j.LocalContainerEntityManagerFactoryBean : Closing JPA EntityManagerFactory for persistence unit 'default'
2024-02-23T09:33:03.589+01:00  INFO 9372 --- [Thread-5] c.z.h.HikariDataSource                   : HikariPool-1 - Shutdown initiated...
2024-02-23T09:33:03.599+01:00  INFO 9372 --- [Thread-5] c.z.h.HikariDataSource                   : HikariPool-1 - Shutdown completed.
2024-02-23T09:33:03.730+01:00  INFO 9372 --- [restartedMain] c.i.u.UploadExampleApplication           : Starting UploadExampleApplication using Java 17.0.9 with PID 9372 (C:\Users\dijan\git\backspring\upload-example\target\classes started by Dijana in C:\Users\dijan\git\backspring\upload-example)
2024-02-23T09:33:03.731+01:00  INFO 9372 --- [restartedMain] c.i.u.UploadExampleApplication           : No active profile set, falling back to 1 default profile: "default"
2024-02-23T09:33:03.967+01:00  INFO 9372 --- [restartedMain] .s.d.r.c.RepositoryConfigurationDelegate : Bootstrapping Spring Data JPA repositories in DEFAULT mode.
2024-02-23T09:33:03.978+01:00  INFO 9372 --- [restartedMain] .s.d.r.c.RepositoryConfigurationDelegate : Finished Spring Data repository scanning in 10 ms. Found 1 JPA repository interface.
2024-02-23T09:33:04.111+01:00  INFO 9372 --- [restartedMain] o.s.b.w.e.t.TomcatWebServer              : Tomcat initialized with port 8080 (http)
2024-02-23T09:33:04.113+01:00  INFO 9372 --- [restartedMain] o.a.c.c.StandardService                  : Starting service [Tomcat]
2024-02-23T09:33:04.113+01:00  INFO 9372 --- [restartedMain] o.a.c.c.StandardEngine                   : Starting Servlet engine: [Apache Tomcat/10.1.18]
2024-02-23T09:33:04.141+01:00  INFO 9372 --- [restartedMain] o.a.c.c.C.[.[.[/]                        : Initializing Spring embedded WebApplicationContext
2024-02-23T09:33:04.142+01:00  INFO 9372 --- [restartedMain] w.s.c.ServletWebServerApplicationContext : Root WebApplicationContext: initialization completed in 408 ms
2024-02-23T09:33:04.194+01:00  INFO 9372 --- [restartedMain] o.s.o.j.p.SpringPersistenceUnitInfo      : No LoadTimeWeaver setup: ignoring JPA class transformer
2024-02-23T09:33:04.196+01:00  INFO 9372 --- [restartedMain] c.z.h.HikariDataSource                   : HikariPool-2 - Starting...
2024-02-23T09:33:04.218+01:00  INFO 9372 --- [restartedMain] c.z.h.p.HikariPool                       : HikariPool-2 - Added connection com.mysql.cj.jdbc.ConnectionImpl@250e753
2024-02-23T09:33:04.218+01:00  INFO 9372 --- [restartedMain] c.z.h.HikariDataSource                   : HikariPool-2 - Start completed.
2024-02-23T09:33:04.268+01:00  INFO 9372 --- [restartedMain] j.LocalContainerEntityManagerFactoryBean : Initialized JPA EntityManagerFactory for persistence unit 'default'
2024-02-23T09:33:04.366+01:00  WARN 9372 --- [restartedMain] JpaBaseConfiguration$JpaWebConfiguration : spring.jpa.open-in-view is enabled by default. Therefore, database queries may be performed during view rendering. Explicitly configure spring.jpa.open-in-view to disable this warning
2024-02-23T09:33:04.524+01:00  INFO 9372 --- [restartedMain] o.s.b.d.a.OptionalLiveReloadServer       : LiveReload server is running on port 35729
2024-02-23T09:33:04.540+01:00  INFO 9372 --- [restartedMain] o.s.b.w.e.t.TomcatWebServer              : Tomcat started on port 8080 (http) with context path ''
2024-02-23T09:33:04.549+01:00  INFO 9372 --- [restartedMain] c.i.u.UploadExampleApplication           : Started UploadExampleApplication in 0.887 seconds (process running for 293.468)
2024-02-23T09:33:04.552+01:00  INFO 9372 --- [restartedMain] .ConditionEvaluationDeltaLoggingListener : Condition evaluation unchanged
2024-02-23T09:33:07.020+01:00  INFO 9372 --- [RMI TCP Connection(9)-127.0.0.1] inMXBeanRegistrar$SpringApplicationAdmin : Application shutdown requested.
2024-02-23T09:33:07.038+01:00  INFO 9372 --- [RMI TCP Connection(9)-127.0.0.1] j.LocalContainerEntityManagerFactoryBean : Closing JPA EntityManagerFactory for persistence unit 'default'
2024-02-23T09:33:07.039+01:00  INFO 9372 --- [RMI TCP Connection(9)-127.0.0.1] c.z.h.HikariDataSource                   : HikariPool-2 - Shutdown initiated...
2024-02-23T09:33:07.045+01:00  INFO 9372 --- [RMI TCP Connection(9)-127.0.0.1] c.z.h.HikariDataSource                   : HikariPool-2 - Shutdown completed.
2024-02-23T10:51:51.056+01:00  INFO 10872 --- [restartedMain] c.i.u.UploadExampleApplication           : Starting UploadExampleApplication using Java 17.0.9 with PID 10872 (C:\Users\dijan\git\backspring\upload-example\target\classes started by Dijana in C:\Users\dijan\git\backspring\upload-example)
2024-02-23T10:51:51.070+01:00  INFO 10872 --- [restartedMain] c.i.u.UploadExampleApplication           : No active profile set, falling back to 1 default profile: "default"
2024-02-23T10:51:51.128+01:00  INFO 10872 --- [restartedMain] .e.DevToolsPropertyDefaultsPostProcessor : Devtools property defaults active! Set 'spring.devtools.add-properties' to 'false' to disable
2024-02-23T10:51:51.128+01:00  INFO 10872 --- [restartedMain] .e.DevToolsPropertyDefaultsPostProcessor : For additional web related logging consider setting the 'logging.level.web' property to 'DEBUG'
2024-02-23T10:51:51.894+01:00  INFO 10872 --- [restartedMain] .s.d.r.c.RepositoryConfigurationDelegate : Bootstrapping Spring Data JPA repositories in DEFAULT mode.
2024-02-23T10:51:51.963+01:00  INFO 10872 --- [restartedMain] .s.d.r.c.RepositoryConfigurationDelegate : Finished Spring Data repository scanning in 58 ms. Found 1 JPA repository interface.
2024-02-23T10:51:52.648+01:00  INFO 10872 --- [restartedMain] o.s.b.w.e.t.TomcatWebServer              : Tomcat initialized with port 8080 (http)
2024-02-23T10:51:52.665+01:00  INFO 10872 --- [restartedMain] o.a.c.c.StandardService                  : Starting service [Tomcat]
2024-02-23T10:51:52.665+01:00  INFO 10872 --- [restartedMain] o.a.c.c.StandardEngine                   : Starting Servlet engine: [Apache Tomcat/10.1.18]
2024-02-23T10:51:52.741+01:00  INFO 10872 --- [restartedMain] o.a.c.c.C.[.[.[/]                        : Initializing Spring embedded WebApplicationContext
2024-02-23T10:51:52.741+01:00  INFO 10872 --- [restartedMain] w.s.c.ServletWebServerApplicationContext : Root WebApplicationContext: initialization completed in 1612 ms
2024-02-23T10:51:53.391+01:00  INFO 10872 --- [restartedMain] o.s.o.j.p.SpringPersistenceUnitInfo      : No LoadTimeWeaver setup: ignoring JPA class transformer
2024-02-23T10:51:53.437+01:00  INFO 10872 --- [restartedMain] c.z.h.HikariDataSource                   : HikariPool-1 - Starting...
2024-02-23T10:51:53.820+01:00  INFO 10872 --- [restartedMain] c.z.h.p.HikariPool                       : HikariPool-1 - Added connection com.mysql.cj.jdbc.ConnectionImpl@3d3f8dc1
2024-02-23T10:51:53.823+01:00  INFO 10872 --- [restartedMain] c.z.h.HikariDataSource                   : HikariPool-1 - Start completed.
2024-02-23T10:51:55.579+01:00  INFO 10872 --- [restartedMain] j.LocalContainerEntityManagerFactoryBean : Initialized JPA EntityManagerFactory for persistence unit 'default'
2024-02-23T10:51:56.002+01:00  WARN 10872 --- [restartedMain] JpaBaseConfiguration$JpaWebConfiguration : spring.jpa.open-in-view is enabled by default. Therefore, database queries may be performed during view rendering. Explicitly configure spring.jpa.open-in-view to disable this warning
2024-02-23T10:51:56.456+01:00  INFO 10872 --- [restartedMain] o.s.b.d.a.OptionalLiveReloadServer       : LiveReload server is running on port 35729
2024-02-23T10:51:56.510+01:00  INFO 10872 --- [restartedMain] o.s.b.w.e.t.TomcatWebServer              : Tomcat started on port 8080 (http) with context path ''
2024-02-23T10:51:56.523+01:00  INFO 10872 --- [restartedMain] c.i.u.UploadExampleApplication           : Started UploadExampleApplication in 6.041 seconds (process running for 7.212)
2024-02-23T10:53:43.853+01:00  INFO 10872 --- [RMI TCP Connection(5)-127.0.0.1] inMXBeanRegistrar$SpringApplicationAdmin : Application shutdown requested.
2024-02-23T10:53:43.880+01:00  INFO 10872 --- [RMI TCP Connection(5)-127.0.0.1] j.LocalContainerEntityManagerFactoryBean : Closing JPA EntityManagerFactory for persistence unit 'default'
2024-02-23T10:53:43.886+01:00  INFO 10872 --- [RMI TCP Connection(5)-127.0.0.1] c.z.h.HikariDataSource                   : HikariPool-1 - Shutdown initiated...
2024-02-23T10:53:43.897+01:00  INFO 10872 --- [RMI TCP Connection(5)-127.0.0.1] c.z.h.HikariDataSource                   : HikariPool-1 - Shutdown completed.
2024-02-28T08:37:49.810+01:00  INFO 9540 --- [restartedMain] c.i.u.UploadExampleApplication           : Starting UploadExampleApplication using Java 17.0.9 with PID 9540 (C:\Users\dijan\git\backspring\upload-example\target\classes started by Dijana in C:\Users\dijan\git\backspring\upload-example)
2024-02-28T08:37:49.831+01:00  INFO 9540 --- [restartedMain] c.i.u.UploadExampleApplication           : No active profile set, falling back to 1 default profile: "default"
2024-02-28T08:37:49.884+01:00  INFO 9540 --- [restartedMain] .e.DevToolsPropertyDefaultsPostProcessor : Devtools property defaults active! Set 'spring.devtools.add-properties' to 'false' to disable
2024-02-28T08:37:49.884+01:00  INFO 9540 --- [restartedMain] .e.DevToolsPropertyDefaultsPostProcessor : For additional web related logging consider setting the 'logging.level.web' property to 'DEBUG'
2024-02-28T08:37:50.749+01:00  INFO 9540 --- [restartedMain] .s.d.r.c.RepositoryConfigurationDelegate : Bootstrapping Spring Data JPA repositories in DEFAULT mode.
2024-02-28T08:37:50.823+01:00  INFO 9540 --- [restartedMain] .s.d.r.c.RepositoryConfigurationDelegate : Finished Spring Data repository scanning in 61 ms. Found 1 JPA repository interface.
2024-02-28T08:37:51.512+01:00  INFO 9540 --- [restartedMain] o.s.b.w.e.t.TomcatWebServer              : Tomcat initialized with port 8080 (http)
2024-02-28T08:37:51.535+01:00  INFO 9540 --- [restartedMain] o.a.c.c.StandardService                  : Starting service [Tomcat]
2024-02-28T08:37:51.536+01:00  INFO 9540 --- [restartedMain] o.a.c.c.StandardEngine                   : Starting Servlet engine: [Apache Tomcat/10.1.18]
2024-02-28T08:37:51.651+01:00  INFO 9540 --- [restartedMain] o.a.c.c.C.[.[.[/]                        : Initializing Spring embedded WebApplicationContext
2024-02-28T08:37:51.652+01:00  INFO 9540 --- [restartedMain] w.s.c.ServletWebServerApplicationContext : Root WebApplicationContext: initialization completed in 1767 ms
2024-02-28T08:37:52.407+01:00  INFO 9540 --- [restartedMain] o.s.o.j.p.SpringPersistenceUnitInfo      : No LoadTimeWeaver setup: ignoring JPA class transformer
2024-02-28T08:37:52.454+01:00  INFO 9540 --- [restartedMain] c.z.h.HikariDataSource                   : HikariPool-1 - Starting...
2024-02-28T08:37:52.851+01:00  INFO 9540 --- [restartedMain] c.z.h.p.HikariPool                       : HikariPool-1 - Added connection com.mysql.cj.jdbc.ConnectionImpl@40c9c94
2024-02-28T08:37:52.854+01:00  INFO 9540 --- [restartedMain] c.z.h.HikariDataSource                   : HikariPool-1 - Start completed.
2024-02-28T08:37:54.103+01:00  INFO 9540 --- [restartedMain] j.LocalContainerEntityManagerFactoryBean : Initialized JPA EntityManagerFactory for persistence unit 'default'
2024-02-28T08:37:54.513+01:00  WARN 9540 --- [restartedMain] JpaBaseConfiguration$JpaWebConfiguration : spring.jpa.open-in-view is enabled by default. Therefore, database queries may be performed during view rendering. Explicitly configure spring.jpa.open-in-view to disable this warning
2024-02-28T08:37:54.988+01:00  INFO 9540 --- [restartedMain] o.s.b.d.a.OptionalLiveReloadServer       : LiveReload server is running on port 35729
2024-02-28T08:37:55.042+01:00  INFO 9540 --- [restartedMain] o.s.b.w.e.t.TomcatWebServer              : Tomcat started on port 8080 (http) with context path ''
2024-02-28T08:37:55.055+01:00  INFO 9540 --- [restartedMain] c.i.u.UploadExampleApplication           : Started UploadExampleApplication in 5.899 seconds (process running for 7.401)
2024-02-28T08:38:04.893+01:00  INFO 9540 --- [http-nio-8080-exec-1] o.a.c.c.C.[.[.[/]                        : Initializing Spring DispatcherServlet 'dispatcherServlet'
2024-02-28T08:38:04.893+01:00  INFO 9540 --- [http-nio-8080-exec-1] o.s.w.s.DispatcherServlet                : Initializing Servlet 'dispatcherServlet'
2024-02-28T08:38:04.895+01:00  INFO 9540 --- [http-nio-8080-exec-1] o.s.w.s.DispatcherServlet                : Completed initialization in 2 ms
2024-02-28T08:38:23.081+01:00  INFO 9540 --- [File Watcher] rtingClassPathChangeChangedEventListener : Restarting due to 4 class path changes (0 additions, 0 deletions, 4 modifications)
2024-02-28T08:38:23.107+01:00  INFO 9540 --- [Thread-5] j.LocalContainerEntityManagerFactoryBean : Closing JPA EntityManagerFactory for persistence unit 'default'
2024-02-28T08:38:23.111+01:00  INFO 9540 --- [Thread-5] c.z.h.HikariDataSource                   : HikariPool-1 - Shutdown initiated...
2024-02-28T08:38:23.127+01:00  INFO 9540 --- [Thread-5] c.z.h.HikariDataSource                   : HikariPool-1 - Shutdown completed.
2024-02-28T08:38:23.328+01:00  INFO 9540 --- [restartedMain] c.i.u.UploadExampleApplication           : Starting UploadExampleApplication using Java 17.0.9 with PID 9540 (C:\Users\dijan\git\backspring\upload-example\target\classes started by Dijana in C:\Users\dijan\git\backspring\upload-example)
2024-02-28T08:38:23.330+01:00  INFO 9540 --- [restartedMain] c.i.u.UploadExampleApplication           : No active profile set, falling back to 1 default profile: "default"
2024-02-28T08:38:23.607+01:00  INFO 9540 --- [restartedMain] .s.d.r.c.RepositoryConfigurationDelegate : Bootstrapping Spring Data JPA repositories in DEFAULT mode.
2024-02-28T08:38:23.638+01:00  INFO 9540 --- [restartedMain] .s.d.r.c.RepositoryConfigurationDelegate : Finished Spring Data repository scanning in 31 ms. Found 1 JPA repository interface.
2024-02-28T08:38:23.798+01:00  INFO 9540 --- [restartedMain] o.s.b.w.e.t.TomcatWebServer              : Tomcat initialized with port 8080 (http)
2024-02-28T08:38:23.800+01:00  INFO 9540 --- [restartedMain] o.a.c.c.StandardService                  : Starting service [Tomcat]
2024-02-28T08:38:23.800+01:00  INFO 9540 --- [restartedMain] o.a.c.c.StandardEngine                   : Starting Servlet engine: [Apache Tomcat/10.1.18]
2024-02-28T08:38:23.828+01:00  INFO 9540 --- [restartedMain] o.a.c.c.C.[.[.[/]                        : Initializing Spring embedded WebApplicationContext
2024-02-28T08:38:23.829+01:00  INFO 9540 --- [restartedMain] w.s.c.ServletWebServerApplicationContext : Root WebApplicationContext: initialization completed in 494 ms
2024-02-28T08:38:23.890+01:00  INFO 9540 --- [restartedMain] o.s.o.j.p.SpringPersistenceUnitInfo      : No LoadTimeWeaver setup: ignoring JPA class transformer
2024-02-28T08:38:23.891+01:00  INFO 9540 --- [restartedMain] c.z.h.HikariDataSource                   : HikariPool-2 - Starting...
2024-02-28T08:38:23.914+01:00  INFO 9540 --- [restartedMain] c.z.h.p.HikariPool                       : HikariPool-2 - Added connection com.mysql.cj.jdbc.ConnectionImpl@68c9eb37
2024-02-28T08:38:23.914+01:00  INFO 9540 --- [restartedMain] c.z.h.HikariDataSource                   : HikariPool-2 - Start completed.
2024-02-28T08:38:23.965+01:00  INFO 9540 --- [restartedMain] j.LocalContainerEntityManagerFactoryBean : Initialized JPA EntityManagerFactory for persistence unit 'default'
2024-02-28T08:38:24.084+01:00  WARN 9540 --- [restartedMain] JpaBaseConfiguration$JpaWebConfiguration : spring.jpa.open-in-view is enabled by default. Therefore, database queries may be performed during view rendering. Explicitly configure spring.jpa.open-in-view to disable this warning
2024-02-28T08:38:24.251+01:00  INFO 9540 --- [restartedMain] o.s.b.d.a.OptionalLiveReloadServer       : LiveReload server is running on port 35729
2024-02-28T08:38:24.270+01:00  INFO 9540 --- [restartedMain] o.s.b.w.e.t.TomcatWebServer              : Tomcat started on port 8080 (http) with context path ''
2024-02-28T08:38:24.277+01:00  INFO 9540 --- [restartedMain] c.i.u.UploadExampleApplication           : Started UploadExampleApplication in 1.058 seconds (process running for 36.628)
2024-02-28T08:38:24.283+01:00  INFO 9540 --- [restartedMain] .ConditionEvaluationDeltaLoggingListener : Condition evaluation unchanged
2024-02-28T08:40:36.842+01:00  INFO 9540 --- [http-nio-8080-exec-2] o.a.c.c.C.[.[.[/]                        : Initializing Spring DispatcherServlet 'dispatcherServlet'
2024-02-28T08:40:36.843+01:00  INFO 9540 --- [http-nio-8080-exec-2] o.s.w.s.DispatcherServlet                : Initializing Servlet 'dispatcherServlet'
2024-02-28T08:40:36.844+01:00  INFO 9540 --- [http-nio-8080-exec-2] o.s.w.s.DispatcherServlet                : Completed initialization in 1 ms
2024-02-28T08:42:40.241+01:00  INFO 9540 --- [File Watcher] rtingClassPathChangeChangedEventListener : Restarting due to 1 class path change (0 additions, 0 deletions, 1 modification)
2024-02-28T08:42:40.259+01:00  INFO 9540 --- [Thread-7] j.LocalContainerEntityManagerFactoryBean : Closing JPA EntityManagerFactory for persistence unit 'default'
2024-02-28T08:42:40.261+01:00  INFO 9540 --- [Thread-7] c.z.h.HikariDataSource                   : HikariPool-2 - Shutdown initiated...
2024-02-28T08:42:40.266+01:00  INFO 9540 --- [Thread-7] c.z.h.HikariDataSource                   : HikariPool-2 - Shutdown completed.
2024-02-28T08:42:40.423+01:00  INFO 9540 --- [restartedMain] c.i.u.UploadExampleApplication           : Starting UploadExampleApplication using Java 17.0.9 with PID 9540 (C:\Users\dijan\git\backspring\upload-example\target\classes started by Dijana in C:\Users\dijan\git\backspring\upload-example)
2024-02-28T08:42:40.423+01:00  INFO 9540 --- [restartedMain] c.i.u.UploadExampleApplication           : No active profile set, falling back to 1 default profile: "default"
2024-02-28T08:42:40.664+01:00  INFO 9540 --- [restartedMain] .s.d.r.c.RepositoryConfigurationDelegate : Bootstrapping Spring Data JPA repositories in DEFAULT mode.
2024-02-28T08:42:40.676+01:00  INFO 9540 --- [restartedMain] .s.d.r.c.RepositoryConfigurationDelegate : Finished Spring Data repository scanning in 11 ms. Found 1 JPA repository interface.
2024-02-28T08:42:40.818+01:00  INFO 9540 --- [restartedMain] o.s.b.w.e.t.TomcatWebServer              : Tomcat initialized with port 8080 (http)
2024-02-28T08:42:40.820+01:00  INFO 9540 --- [restartedMain] o.a.c.c.StandardService                  : Starting service [Tomcat]
2024-02-28T08:42:40.821+01:00  INFO 9540 --- [restartedMain] o.a.c.c.StandardEngine                   : Starting Servlet engine: [Apache Tomcat/10.1.18]
2024-02-28T08:42:40.849+01:00  INFO 9540 --- [restartedMain] o.a.c.c.C.[.[.[/]                        : Initializing Spring embedded WebApplicationContext
2024-02-28T08:42:40.849+01:00  INFO 9540 --- [restartedMain] w.s.c.ServletWebServerApplicationContext : Root WebApplicationContext: initialization completed in 421 ms
2024-02-28T08:42:40.903+01:00  INFO 9540 --- [restartedMain] o.s.o.j.p.SpringPersistenceUnitInfo      : No LoadTimeWeaver setup: ignoring JPA class transformer
2024-02-28T08:42:40.905+01:00  INFO 9540 --- [restartedMain] c.z.h.HikariDataSource                   : HikariPool-3 - Starting...
2024-02-28T08:42:40.927+01:00  INFO 9540 --- [restartedMain] c.z.h.p.HikariPool                       : HikariPool-3 - Added connection com.mysql.cj.jdbc.ConnectionImpl@79f1db3d
2024-02-28T08:42:40.927+01:00  INFO 9540 --- [restartedMain] c.z.h.HikariDataSource                   : HikariPool-3 - Start completed.
2024-02-28T08:42:40.978+01:00  INFO 9540 --- [restartedMain] j.LocalContainerEntityManagerFactoryBean : Initialized JPA EntityManagerFactory for persistence unit 'default'
2024-02-28T08:42:41.074+01:00  WARN 9540 --- [restartedMain] JpaBaseConfiguration$JpaWebConfiguration : spring.jpa.open-in-view is enabled by default. Therefore, database queries may be performed during view rendering. Explicitly configure spring.jpa.open-in-view to disable this warning
2024-02-28T08:42:41.236+01:00  INFO 9540 --- [restartedMain] o.s.b.d.a.OptionalLiveReloadServer       : LiveReload server is running on port 35729
2024-02-28T08:42:41.254+01:00  INFO 9540 --- [restartedMain] o.s.b.w.e.t.TomcatWebServer              : Tomcat started on port 8080 (http) with context path ''
2024-02-28T08:42:41.260+01:00  INFO 9540 --- [restartedMain] c.i.u.UploadExampleApplication           : Started UploadExampleApplication in 0.918 seconds (process running for 293.652)
2024-02-28T08:42:41.262+01:00  INFO 9540 --- [restartedMain] .ConditionEvaluationDeltaLoggingListener : Condition evaluation unchanged
2024-02-28T08:47:34.117+01:00  INFO 9540 --- [http-nio-8080-exec-3] o.a.c.c.C.[.[.[/]                        : Initializing Spring DispatcherServlet 'dispatcherServlet'
2024-02-28T08:47:34.117+01:00  INFO 9540 --- [http-nio-8080-exec-3] o.s.w.s.DispatcherServlet                : Initializing Servlet 'dispatcherServlet'
2024-02-28T08:47:34.118+01:00  INFO 9540 --- [http-nio-8080-exec-3] o.s.w.s.DispatcherServlet                : Completed initialization in 1 ms
2024-02-28T08:49:05.468+01:00  INFO 9540 --- [File Watcher] rtingClassPathChangeChangedEventListener : Restarting due to 1 class path change (0 additions, 0 deletions, 1 modification)
2024-02-28T08:49:05.486+01:00  INFO 9540 --- [Thread-11] j.LocalContainerEntityManagerFactoryBean : Closing JPA EntityManagerFactory for persistence unit 'default'
2024-02-28T08:49:05.487+01:00  INFO 9540 --- [Thread-11] c.z.h.HikariDataSource                   : HikariPool-3 - Shutdown initiated...
2024-02-28T08:49:05.492+01:00  INFO 9540 --- [Thread-11] c.z.h.HikariDataSource                   : HikariPool-3 - Shutdown completed.
2024-02-28T08:49:05.632+01:00  INFO 9540 --- [restartedMain] c.i.u.UploadExampleApplication           : Starting UploadExampleApplication using Java 17.0.9 with PID 9540 (C:\Users\dijan\git\backspring\upload-example\target\classes started by Dijana in C:\Users\dijan\git\backspring\upload-example)
2024-02-28T08:49:05.634+01:00  INFO 9540 --- [restartedMain] c.i.u.UploadExampleApplication           : No active profile set, falling back to 1 default profile: "default"
2024-02-28T08:49:05.892+01:00  INFO 9540 --- [restartedMain] .s.d.r.c.RepositoryConfigurationDelegate : Bootstrapping Spring Data JPA repositories in DEFAULT mode.
2024-02-28T08:49:05.903+01:00  INFO 9540 --- [restartedMain] .s.d.r.c.RepositoryConfigurationDelegate : Finished Spring Data repository scanning in 10 ms. Found 1 JPA repository interface.
2024-02-28T08:49:06.040+01:00  INFO 9540 --- [restartedMain] o.s.b.w.e.t.TomcatWebServer              : Tomcat initialized with port 8080 (http)
2024-02-28T08:49:06.043+01:00  INFO 9540 --- [restartedMain] o.a.c.c.StandardService                  : Starting service [Tomcat]
2024-02-28T08:49:06.043+01:00  INFO 9540 --- [restartedMain] o.a.c.c.StandardEngine                   : Starting Servlet engine: [Apache Tomcat/10.1.18]
2024-02-28T08:49:06.071+01:00  INFO 9540 --- [restartedMain] o.a.c.c.C.[.[.[/]                        : Initializing Spring embedded WebApplicationContext
2024-02-28T08:49:06.072+01:00  INFO 9540 --- [restartedMain] w.s.c.ServletWebServerApplicationContext : Root WebApplicationContext: initialization completed in 434 ms
2024-02-28T08:49:06.126+01:00  INFO 9540 --- [restartedMain] o.s.o.j.p.SpringPersistenceUnitInfo      : No LoadTimeWeaver setup: ignoring JPA class transformer
2024-02-28T08:49:06.127+01:00  INFO 9540 --- [restartedMain] c.z.h.HikariDataSource                   : HikariPool-4 - Starting...
2024-02-28T08:49:06.147+01:00  INFO 9540 --- [restartedMain] c.z.h.p.HikariPool                       : HikariPool-4 - Added connection com.mysql.cj.jdbc.ConnectionImpl@d90fb02
2024-02-28T08:49:06.148+01:00  INFO 9540 --- [restartedMain] c.z.h.HikariDataSource                   : HikariPool-4 - Start completed.
2024-02-28T08:49:06.190+01:00  INFO 9540 --- [restartedMain] j.LocalContainerEntityManagerFactoryBean : Initialized JPA EntityManagerFactory for persistence unit 'default'
2024-02-28T08:49:06.298+01:00  WARN 9540 --- [restartedMain] JpaBaseConfiguration$JpaWebConfiguration : spring.jpa.open-in-view is enabled by default. Therefore, database queries may be performed during view rendering. Explicitly configure spring.jpa.open-in-view to disable this warning
2024-02-28T08:49:06.483+01:00  INFO 9540 --- [restartedMain] o.s.b.d.a.OptionalLiveReloadServer       : LiveReload server is running on port 35729
2024-02-28T08:49:06.503+01:00  INFO 9540 --- [restartedMain] o.s.b.w.e.t.TomcatWebServer              : Tomcat started on port 8080 (http) with context path ''
2024-02-28T08:49:06.509+01:00  INFO 9540 --- [restartedMain] c.i.u.UploadExampleApplication           : Started UploadExampleApplication in 0.946 seconds (process running for 678.964)
2024-02-28T08:49:06.512+01:00  INFO 9540 --- [restartedMain] .ConditionEvaluationDeltaLoggingListener : Condition evaluation unchanged
2024-02-28T08:53:50.016+01:00  INFO 9540 --- [RMI TCP Connection(18)-127.0.0.1] inMXBeanRegistrar$SpringApplicationAdmin : Application shutdown requested.
2024-02-28T08:53:50.037+01:00  INFO 9540 --- [RMI TCP Connection(18)-127.0.0.1] j.LocalContainerEntityManagerFactoryBean : Closing JPA EntityManagerFactory for persistence unit 'default'
2024-02-28T08:53:50.038+01:00  INFO 9540 --- [RMI TCP Connection(18)-127.0.0.1] c.z.h.HikariDataSource                   : HikariPool-4 - Shutdown initiated...
2024-02-28T08:53:50.044+01:00  INFO 9540 --- [RMI TCP Connection(18)-127.0.0.1] c.z.h.HikariDataSource                   : HikariPool-4 - Shutdown completed.
